<?xml version="1.0" encoding="UTF-8" ?>
<testsuite failures="0" time="0.008" errors="0" skipped="0" tests="1" name="com.app42.gateway.sample.AppTest">
  <properties>
    <property name="java.runtime.name" value="Java(TM) SE Runtime Environment"/>
    <property name="sun.boot.library.path" value="C:\Program Files (x86)\Java\jdk1.7.0\jre\bin"/>
    <property name="java.vm.version" value="21.0-b17"/>
    <property name="java.vm.vendor" value="Oracle Corporation"/>
    <property name="java.vendor.url" value="http://java.oracle.com/"/>
    <property name="path.separator" value=";"/>
    <property name="java.vm.name" value="Java HotSpot(TM) Client VM"/>
    <property name="file.encoding.pkg" value="sun.io"/>
    <property name="user.script" value=""/>
    <property name="user.country" value="US"/>
    <property name="sun.java.launcher" value="SUN_STANDARD"/>
    <property name="sun.os.patch.level" value=""/>
    <property name="java.vm.specification.name" value="Java Virtual Machine Specification"/>
    <property name="user.dir" value="D:\work\dev\java\gateway-sample"/>
    <property name="java.runtime.version" value="1.7.0-b147"/>
    <property name="java.awt.graphicsenv" value="sun.awt.Win32GraphicsEnvironment"/>
    <property name="basedir" value="D:\work\dev\java\gateway-sample"/>
    <property name="java.endorsed.dirs" value="C:\Program Files (x86)\Java\jdk1.7.0\jre\lib\endorsed"/>
    <property name="os.arch" value="x86"/>
    <property name="surefire.real.class.path" value="D:\work\dev\java\gateway-sample\target\surefire\surefirebooter3761434621750275655.jar"/>
    <property name="java.io.tmpdir" value="C:\Users\Ajay\AppData\Local\Temp\"/>
    <property name="line.separator" value="
"/>
    <property name="java.vm.specification.vendor" value="Oracle Corporation"/>
    <property name="user.variant" value=""/>
    <property name="os.name" value="Windows NT (unknown)"/>
    <property name="sun.jnu.encoding" value="Cp1252"/>
    <property name="java.library.path" value="C:\Program Files (x86)\Java\jdk1.7.0\jre\bin;C:\Windows\Sun\Java\bin;C:\Windows\system32;C:\Windows;c:\Program Files (x86)\Intel\iCLS Client\;c:\Program Files\Intel\iCLS Client\;C:\Windows\system32;C:\Windows;C:\Windows\System32\Wbem;C:\Windows\System32\WindowsPowerShell\v1.0\;C:\Program Files\Intel\Intel(R) Management Engine Components\DAL;C:\Program Files\Intel\Intel(R) Management Engine Components\IPT;C:\Program Files (x86)\Intel\Intel(R) Management Engine Components\DAL;C:\Program Files (x86)\Intel\Intel(R) Management Engine Components\IPT;C:\Program Files\TortoiseGit\bin;C:\Program Files (x86)\Java\jdk1.7.0\bin;D:\MyInstallations\apache-maven-3.0.3\bin;C:\Python34;C:\Program Files (x86)\Skype\Phone\;D:\MyInstallations\grails-1.3.3\bin;C:\Program Files (x86)\Windows Live\Shared;D:\MyInstallations\apache-ant-1.8.2\bin;."/>
    <property name="surefire.test.class.path" value="D:\work\dev\java\gateway-sample\target\test-classes;D:\work\dev\java\gateway-sample\target\classes;D:\work\dev\java\gateway-sample\locallib\app42CCLib-0.6.1.jar;C:\Users\Ajay\.m2\repository\io\swagger\swagger-jaxrs\1.5.0\swagger-jaxrs-1.5.0.jar;C:\Users\Ajay\.m2\repository\com\fasterxml\jackson\dataformat\jackson-dataformat-yaml\2.4.2\jackson-dataformat-yaml-2.4.2.jar;C:\Users\Ajay\.m2\repository\com\fasterxml\jackson\dataformat\jackson-dataformat-xml\2.4.2\jackson-dataformat-xml-2.4.2.jar;C:\Users\Ajay\.m2\repository\com\fasterxml\jackson\module\jackson-module-jaxb-annotations\2.4.2\jackson-module-jaxb-annotations-2.4.2.jar;C:\Users\Ajay\.m2\repository\org\codehaus\woodstox\stax2-api\3.1.4\stax2-api-3.1.4.jar;C:\Users\Ajay\.m2\repository\javax\ws\rs\jsr311-api\1.1.1\jsr311-api-1.1.1.jar;C:\Users\Ajay\.m2\repository\org\reflections\reflections\0.9.9\reflections-0.9.9.jar;C:\Users\Ajay\.m2\repository\com\google\guava\guava\15.0\guava-15.0.jar;C:\Users\Ajay\.m2\repository\org\javassist\javassist\3.18.2-GA\javassist-3.18.2-GA.jar;C:\Users\Ajay\.m2\repository\com\google\code\findbugs\annotations\2.0.1\annotations-2.0.1.jar;C:\Users\Ajay\.m2\repository\com\fasterxml\jackson\jaxrs\jackson-jaxrs-json-provider\2.4.2\jackson-jaxrs-json-provider-2.4.2.jar;C:\Users\Ajay\.m2\repository\com\fasterxml\jackson\jaxrs\jackson-jaxrs-base\2.4.2\jackson-jaxrs-base-2.4.2.jar;C:\Users\Ajay\.m2\repository\io\swagger\swagger-core\1.5.0\swagger-core-1.5.0.jar;C:\Users\Ajay\.m2\repository\org\apache\commons\commons-lang3\3.2.1\commons-lang3-3.2.1.jar;C:\Users\Ajay\.m2\repository\org\slf4j\slf4j-api\1.6.3\slf4j-api-1.6.3.jar;C:\Users\Ajay\.m2\repository\com\fasterxml\jackson\core\jackson-annotations\2.4.2\jackson-annotations-2.4.2.jar;C:\Users\Ajay\.m2\repository\com\fasterxml\jackson\datatype\jackson-datatype-joda\2.4.2\jackson-datatype-joda-2.4.2.jar;C:\Users\Ajay\.m2\repository\joda-time\joda-time\2.2\joda-time-2.2.jar;C:\Users\Ajay\.m2\repository\io\swagger\swagger-models\1.5.0\swagger-models-1.5.0.jar;C:\Users\Ajay\.m2\repository\javax\validation\validation-api\1.1.0.Final\validation-api-1.1.0.Final.jar;C:\Users\Ajay\.m2\repository\io\swagger\swagger-annotations\1.5.0\swagger-annotations-1.5.0.jar;C:\Users\Ajay\.m2\repository\io\vertx\vertx-core\2.1.5\vertx-core-2.1.5.jar;C:\Users\Ajay\.m2\repository\com\fasterxml\jackson\core\jackson-databind\2.2.2\jackson-databind-2.2.2.jar;C:\Users\Ajay\.m2\repository\com\fasterxml\jackson\core\jackson-core\2.2.2\jackson-core-2.2.2.jar;C:\Users\Ajay\.m2\repository\io\netty\netty-all\4.0.21.Final\netty-all-4.0.21.Final.jar;C:\Users\Ajay\.m2\repository\log4j\log4j\1.2.16\log4j-1.2.16.jar;C:\Users\Ajay\.m2\repository\junit\junit\3.8.1\junit-3.8.1.jar;"/>
    <property name="java.specification.name" value="Java Platform API Specification"/>
    <property name="java.class.version" value="51.0"/>
    <property name="sun.management.compiler" value="HotSpot Client Compiler"/>
    <property name="os.version" value="6.2"/>
    <property name="user.home" value="C:\Users\Ajay"/>
    <property name="user.timezone" value=""/>
    <property name="java.awt.printerjob" value="sun.awt.windows.WPrinterJob"/>
    <property name="java.specification.version" value="1.7"/>
    <property name="file.encoding" value="Cp1252"/>
    <property name="user.name" value="Ajay"/>
    <property name="java.class.path" value="D:\work\dev\java\gateway-sample\target\test-classes;D:\work\dev\java\gateway-sample\target\classes;D:\work\dev\java\gateway-sample\locallib\app42CCLib-0.6.1.jar;C:\Users\Ajay\.m2\repository\io\swagger\swagger-jaxrs\1.5.0\swagger-jaxrs-1.5.0.jar;C:\Users\Ajay\.m2\repository\com\fasterxml\jackson\dataformat\jackson-dataformat-yaml\2.4.2\jackson-dataformat-yaml-2.4.2.jar;C:\Users\Ajay\.m2\repository\com\fasterxml\jackson\dataformat\jackson-dataformat-xml\2.4.2\jackson-dataformat-xml-2.4.2.jar;C:\Users\Ajay\.m2\repository\com\fasterxml\jackson\module\jackson-module-jaxb-annotations\2.4.2\jackson-module-jaxb-annotations-2.4.2.jar;C:\Users\Ajay\.m2\repository\org\codehaus\woodstox\stax2-api\3.1.4\stax2-api-3.1.4.jar;C:\Users\Ajay\.m2\repository\javax\ws\rs\jsr311-api\1.1.1\jsr311-api-1.1.1.jar;C:\Users\Ajay\.m2\repository\org\reflections\reflections\0.9.9\reflections-0.9.9.jar;C:\Users\Ajay\.m2\repository\com\google\guava\guava\15.0\guava-15.0.jar;C:\Users\Ajay\.m2\repository\org\javassist\javassist\3.18.2-GA\javassist-3.18.2-GA.jar;C:\Users\Ajay\.m2\repository\com\google\code\findbugs\annotations\2.0.1\annotations-2.0.1.jar;C:\Users\Ajay\.m2\repository\com\fasterxml\jackson\jaxrs\jackson-jaxrs-json-provider\2.4.2\jackson-jaxrs-json-provider-2.4.2.jar;C:\Users\Ajay\.m2\repository\com\fasterxml\jackson\jaxrs\jackson-jaxrs-base\2.4.2\jackson-jaxrs-base-2.4.2.jar;C:\Users\Ajay\.m2\repository\io\swagger\swagger-core\1.5.0\swagger-core-1.5.0.jar;C:\Users\Ajay\.m2\repository\org\apache\commons\commons-lang3\3.2.1\commons-lang3-3.2.1.jar;C:\Users\Ajay\.m2\repository\org\slf4j\slf4j-api\1.6.3\slf4j-api-1.6.3.jar;C:\Users\Ajay\.m2\repository\com\fasterxml\jackson\core\jackson-annotations\2.4.2\jackson-annotations-2.4.2.jar;C:\Users\Ajay\.m2\repository\com\fasterxml\jackson\datatype\jackson-datatype-joda\2.4.2\jackson-datatype-joda-2.4.2.jar;C:\Users\Ajay\.m2\repository\joda-time\joda-time\2.2\joda-time-2.2.jar;C:\Users\Ajay\.m2\repository\io\swagger\swagger-models\1.5.0\swagger-models-1.5.0.jar;C:\Users\Ajay\.m2\repository\javax\validation\validation-api\1.1.0.Final\validation-api-1.1.0.Final.jar;C:\Users\Ajay\.m2\repository\io\swagger\swagger-annotations\1.5.0\swagger-annotations-1.5.0.jar;C:\Users\Ajay\.m2\repository\io\vertx\vertx-core\2.1.5\vertx-core-2.1.5.jar;C:\Users\Ajay\.m2\repository\com\fasterxml\jackson\core\jackson-databind\2.2.2\jackson-databind-2.2.2.jar;C:\Users\Ajay\.m2\repository\com\fasterxml\jackson\core\jackson-core\2.2.2\jackson-core-2.2.2.jar;C:\Users\Ajay\.m2\repository\io\netty\netty-all\4.0.21.Final\netty-all-4.0.21.Final.jar;C:\Users\Ajay\.m2\repository\log4j\log4j\1.2.16\log4j-1.2.16.jar;C:\Users\Ajay\.m2\repository\junit\junit\3.8.1\junit-3.8.1.jar;"/>
    <property name="java.vm.specification.version" value="1.7"/>
    <property name="sun.arch.data.model" value="32"/>
    <property name="java.home" value="C:\Program Files (x86)\Java\jdk1.7.0\jre"/>
    <property name="sun.java.command" value="D:\work\dev\java\gateway-sample\target\surefire\surefirebooter3761434621750275655.jar D:\work\dev\java\gateway-sample\target\surefire\surefire6658946299599559048tmp D:\work\dev\java\gateway-sample\target\surefire\surefire1220209842447978609tmp"/>
    <property name="java.specification.vendor" value="Oracle Corporation"/>
    <property name="user.language" value="en"/>
    <property name="awt.toolkit" value="sun.awt.windows.WToolkit"/>
    <property name="java.vm.info" value="mixed mode, sharing"/>
    <property name="java.version" value="1.7.0"/>
    <property name="java.ext.dirs" value="C:\Program Files (x86)\Java\jdk1.7.0\jre\lib\ext;C:\Windows\Sun\Java\lib\ext"/>
    <property name="sun.boot.class.path" value="C:\Program Files (x86)\Java\jdk1.7.0\jre\lib\resources.jar;C:\Program Files (x86)\Java\jdk1.7.0\jre\lib\rt.jar;C:\Program Files (x86)\Java\jdk1.7.0\jre\lib\sunrsasign.jar;C:\Program Files (x86)\Java\jdk1.7.0\jre\lib\jsse.jar;C:\Program Files (x86)\Java\jdk1.7.0\jre\lib\jce.jar;C:\Program Files (x86)\Java\jdk1.7.0\jre\lib\charsets.jar;C:\Program Files (x86)\Java\jdk1.7.0\jre\classes"/>
    <property name="java.vendor" value="Oracle Corporation"/>
    <property name="localRepository" value="C:\Users\Ajay\.m2\repository"/>
    <property name="file.separator" value="\"/>
    <property name="java.vendor.url.bug" value="http://bugreport.sun.com/bugreport/"/>
    <property name="sun.cpu.endian" value="little"/>
    <property name="sun.io.unicode.encoding" value="UnicodeLittle"/>
    <property name="sun.desktop" value="windows"/>
    <property name="sun.cpu.isalist" value="pentium_pro+mmx pentium_pro pentium+mmx pentium i486 i386 i86"/>
  </properties>
  <testcase time="0.001" classname="com.app42.gateway.sample.AppTest" name="testApp"/>
</testsuite>